<?xml version="1.0" encoding="UTF-8"?>
<testsuite xmlns:xsi="http://www.w3.org/2001/XMLSchema-instance" xsi:noNamespaceSchemaLocation="https://maven.apache.org/surefire/maven-surefire-plugin/xsd/surefire-test-report.xsd" name="TestSuite" time="37.219" tests="5" errors="0" skipped="0" failures="1">
  <properties>
[...]
</properties>
  <testcase name="basePageNavigation" classname="Academy.validateNavigationBar" time="0.284"/>
  <testcase name="basePageNavigation" classname="Academy.validateTitle" time="0.651">
    <failure message="expected [FEATURED COURSES233] but found [FEATURED COURSES]" type="java.lang.AssertionError">java.lang.AssertionError: expected [FEATURED COURSES233] but found [FEATURED COURSES]
	at Academy.validateTitle.basePageNavigation(validateTitle.java:47)
</failure>
  </testcase>
  <testcase name="validateHeader" classname="Academy.validateTitle" time="1.011"/>
  <testcase name="basePageNavigation" classname="Academy.HomePage" time="2.937"/>
  <testcase name="basePageNavigation" classname="Academy.HomePage" time="4.838"/>
</testsuite>