-------------------------------------------------------------------------------
Test set: TestSuite
-------------------------------------------------------------------------------
Tests run: 5, Failures: 1, Errors: 0, Skipped: 0, Time elapsed: 37.219 s <<< FAILURE! - in TestSuite
basePageNavigation(Academy.validateTitle)  Time elapsed: 0.651 s  <<< FAILURE!
java.lang.AssertionError: expected [FEATURED COURSES233] but found [FEATURED COURSES]
	at Academy.validateTitle.basePageNavigation(validateTitle.java:47)

